[2023-04-13 16:23:39,418.418] INFO [4453076480] - Will watch for changes in these directories: ['/Users/kizmann/Sites/coloa']
[2023-04-13 16:23:39,418.418] INFO [4453076480] - Uvicorn running on http://127.0.0.1:8000 (Press CTRL+C to quit)
[2023-04-13 16:23:39,541.541] INFO [4453076480] - Started reloader process [23157] using watchgod
[2023-04-13 16:23:40,521.521] INFO [4528139776] - Started server process [23159]
[2023-04-13 16:23:40,521.521] INFO [4528139776] - Waiting for application startup.
[2023-04-13 16:23:40,522.522] INFO [4528139776] - Application startup complete.
[2023-04-13 16:26:27,940.940] WARNING [4453076480] - WatchGodReload detected file change in '['/Users/kizmann/Sites/coloa/lib/router.py']'. Reloading...
[2023-04-13 16:26:27,952.952] INFO [4528139776] - Shutting down
[2023-04-13 16:26:28,055.055] INFO [4528139776] - Waiting for application shutdown.
[2023-04-13 16:26:28,055.055] INFO [4528139776] - Application shutdown complete.
[2023-04-13 16:26:28,055.055] INFO [4528139776] - Finished server process [23159]
[2023-04-13 16:26:29,012.012] INFO [4584504832] - Started server process [23196]
[2023-04-13 16:26:29,013.013] INFO [4584504832] - Waiting for application startup.
[2023-04-13 16:26:29,013.013] INFO [4584504832] - Application startup complete.
[2023-04-13 16:26:31,015.015] WARNING [4453076480] - WatchGodReload detected file change in '['/Users/kizmann/Sites/coloa/lib/router.py']'. Reloading...
[2023-04-13 16:26:31,056.056] INFO [4584504832] - Shutting down
[2023-04-13 16:26:31,159.159] INFO [4584504832] - Waiting for application shutdown.
[2023-04-13 16:26:31,159.159] INFO [4584504832] - Application shutdown complete.
[2023-04-13 16:26:31,159.159] INFO [4584504832] - Finished server process [23196]
[2023-04-13 16:26:31,901.901] INFO [4617547264] - Started server process [23197]
[2023-04-13 16:26:31,901.901] INFO [4617547264] - Waiting for application startup.
[2023-04-13 16:26:31,901.901] INFO [4617547264] - Application startup complete.
[2023-04-13 16:39:38,397.397] WARNING [4453076480] - WatchGodReload detected file change in '['/Users/kizmann/Sites/coloa/lib/helper/image.py']'. Reloading...
[2023-04-13 16:39:38,475.475] INFO [4617547264] - Shutting down
[2023-04-13 16:39:38,578.578] INFO [4617547264] - Waiting for application shutdown.
[2023-04-13 16:39:38,579.579] INFO [4617547264] - Application shutdown complete.
[2023-04-13 16:39:38,579.579] INFO [4617547264] - Finished server process [23197]
[2023-04-13 16:39:39,331.331] INFO [4744990208] - Started server process [23377]
[2023-04-13 16:39:39,331.331] INFO [4744990208] - Waiting for application startup.
[2023-04-13 16:39:39,332.332] INFO [4744990208] - Application startup complete.
[2023-04-13 16:54:36,699.699] WARNING [4453076480] - WatchGodReload detected file change in '['/Users/kizmann/Sites/coloa/lib/helper/image.py']'. Reloading...
[2023-04-13 16:54:36,701.701] INFO [4744990208] - Shutting down
[2023-04-13 16:54:36,804.804] INFO [4744990208] - Waiting for application shutdown.
[2023-04-13 16:54:36,804.804] INFO [4744990208] - Application shutdown complete.
[2023-04-13 16:54:36,804.804] INFO [4744990208] - Finished server process [23377]
[2023-04-13 16:54:37,671.671] INFO [4552596992] - Started server process [23607]
[2023-04-13 16:54:37,671.671] INFO [4552596992] - Waiting for application startup.
[2023-04-13 16:54:37,671.671] INFO [4552596992] - Application startup complete.
[2023-04-13 16:54:58,337.337] WARNING [4453076480] - WatchGodReload detected file change in '['/Users/kizmann/Sites/coloa/lib/helper/image.py']'. Reloading...
[2023-04-13 16:54:58,352.352] INFO [4552596992] - Shutting down
[2023-04-13 16:54:58,456.456] INFO [4552596992] - Waiting for application shutdown.
[2023-04-13 16:54:58,456.456] INFO [4552596992] - Application shutdown complete.
[2023-04-13 16:54:58,456.456] INFO [4552596992] - Finished server process [23607]
[2023-04-13 16:54:59,229.229] INFO [4572950016] - Started server process [23617]
[2023-04-13 16:54:59,230.230] INFO [4572950016] - Waiting for application startup.
[2023-04-13 16:54:59,230.230] INFO [4572950016] - Application startup complete.
[2023-04-13 16:55:01,929.929] WARNING [4453076480] - WatchGodReload detected file change in '['/Users/kizmann/Sites/coloa/lib/helper/image.py']'. Reloading...
[2023-04-13 16:55:02,011.011] INFO [4572950016] - Shutting down
[2023-04-13 16:55:02,114.114] INFO [4572950016] - Waiting for application shutdown.
[2023-04-13 16:55:02,114.114] INFO [4572950016] - Application shutdown complete.
[2023-04-13 16:55:02,115.115] INFO [4572950016] - Finished server process [23617]
[2023-04-13 16:55:02,905.905] INFO [4808486400] - Started server process [23625]
[2023-04-13 16:55:02,905.905] INFO [4808486400] - Waiting for application startup.
[2023-04-13 16:55:02,905.905] INFO [4808486400] - Application startup complete.
